2026-06-23 22:06:34.450 [main] DEBUG io.ktor.server.Application - Java Home: C:\Program Files\Java
2026-06-23 22:06:34.456 [main] DEBUG io.ktor.server.Application - Class Loader: jdk.internal.loader.ClassLoaders$AppClassLoader@73d16e93: [file:/C:/Users/Ahmad/CobWeb/easypeayenglish/site/.kobweb/server/server.jar!/okio/]
2026-06-23 22:06:34.544 [main] DEBUG io.ktor.server.Application - Failed to load module 'com.varabyte.kobweb.server.ApplicationKt$main$engine$1.invoke' by classpath reference, falling back to currently loaded value
io.ktor.server.engine.internal.ReloadingException: Module function cannot be found for the fully qualified name 'com.varabyte.kobweb.server.ApplicationKt$main$engine$1.invoke'
	at io.ktor.server.engine.internal.CallableUtilsKt.executeModuleFunction(CallableUtils.kt:68)
	at io.ktor.server.engine.EmbeddedServer$launchModuleByName$2.invokeSuspend(EmbeddedServerJvm.kt:443)
	at io.ktor.server.engine.EmbeddedServer$launchModuleByName$2.invoke(EmbeddedServerJvm.kt)
	at io.ktor.server.engine.EmbeddedServer$launchModuleByName$2.invoke(EmbeddedServerJvm.kt)
	at io.ktor.server.engine.EmbeddedServer.avoidingDoubleStartupFor(EmbeddedServerJvm.kt:469)
	at io.ktor.server.engine.EmbeddedServer.launchModuleByName(EmbeddedServerJvm.kt:442)
	at io.ktor.server.engine.EmbeddedServer.access$launchModuleByName(EmbeddedServerJvm.kt:33)
	at io.ktor.server.engine.EmbeddedServer$toDynamicModuleOrNull$1.invokeSuspend(EmbeddedServerJvm.kt:425)
	at io.ktor.server.engine.EmbeddedServer$toDynamicModuleOrNull$1.invoke(EmbeddedServerJvm.kt)
	at io.ktor.server.engine.EmbeddedServer$toDynamicModuleOrNull$1.invoke(EmbeddedServerJvm.kt)
	at io.ktor.server.application.ApplicationModules_jvmKt$LoadSequentially$1.loadModules(ApplicationModules.jvm.kt:75)
	at io.ktor.server.engine.EmbeddedServer$instantiateAndConfigureApplication$1$1.invokeSuspend(EmbeddedServerJvm.kt:385)
	at io.ktor.server.engine.EmbeddedServer$instantiateAndConfigureApplication$1$1.invoke(EmbeddedServerJvm.kt)
	at io.ktor.server.engine.EmbeddedServer$instantiateAndConfigureApplication$1$1.invoke(EmbeddedServerJvm.kt)
	at kotlinx.coroutines.intrinsics.UndispatchedKt.startUndspatched(Undispatched.kt:66)
	at kotlinx.coroutines.intrinsics.UndispatchedKt.startUndispatchedOrReturnIgnoreTimeout(Undispatched.kt:50)
	at kotlinx.coroutines.TimeoutKt.setupTimeout(Timeout.kt:149)
	at kotlinx.coroutines.TimeoutKt.withTimeout(Timeout.kt:44)
	at kotlinx.coroutines.TimeoutKt.withTimeout-KLykuaI(Timeout.kt:72)
	at io.ktor.server.engine.EmbeddedServer$instantiateAndConfigureApplication$1.invokeSuspend(EmbeddedServerJvm.kt:384)
	at io.ktor.server.engine.EmbeddedServer$instantiateAndConfigureApplication$1.invoke(EmbeddedServerJvm.kt)
	at io.ktor.server.engine.EmbeddedServer$instantiateAndConfigureApplication$1.invoke(EmbeddedServerJvm.kt)
	at io.ktor.server.engine.EmbeddedServer$avoidingDoubleStartup$1.invokeSuspend(EmbeddedServerJvm.kt:450)
	at kotlin.coroutines.jvm.internal.BaseContinuationImpl.resumeWith(ContinuationImpl.kt:34)
	at kotlinx.coroutines.DispatchedTask.run(DispatchedTask.kt:100)
	at kotlinx.coroutines.EventLoopImplBase.processNextEvent(EventLoop.common.kt:263)
	at kotlinx.coroutines.BlockingCoroutine.joinBlocking(Builders.kt:94)
	at kotlinx.coroutines.BuildersKt__BuildersKt.runBlocking(Builders.kt:70)
	at kotlinx.coroutines.BuildersKt.runBlocking(Unknown Source)
	at kotlinx.coroutines.BuildersKt__BuildersKt.runBlocking$default(Builders.kt:48)
	at kotlinx.coroutines.BuildersKt.runBlocking$default(Unknown Source)
	at io.ktor.server.engine.EmbeddedServer.avoidingDoubleStartup(EmbeddedServerJvm.kt:449)
	at io.ktor.server.engine.EmbeddedServer.instantiateAndConfigureApplication(EmbeddedServerJvm.kt:383)
	at io.ktor.server.engine.EmbeddedServer.createApplication(EmbeddedServerJvm.kt:169)
	at io.ktor.server.engine.EmbeddedServer.start(EmbeddedServerJvm.kt:314)
	at io.ktor.server.engine.EmbeddedServer.start$default(EmbeddedServerJvm.kt:309)
	at com.varabyte.kobweb.server.ApplicationKt.main(Application.kt:138)
	at com.varabyte.kobweb.server.ApplicationKt$main$6.invoke(Application.kt)
	at com.varabyte.kobweb.server.ApplicationKt$main$6.invoke(Application.kt)
	at kotlin.coroutines.intrinsics.IntrinsicsKt__IntrinsicsJvmKt$createCoroutineUnintercepted$$inlined$createCoroutineFromSuspendFunction$IntrinsicsKt__IntrinsicsJvmKt$1.invokeSuspend(IntrinsicsJvm.kt:270)
	at kotlin.coroutines.jvm.internal.BaseContinuationImpl.resumeWith(ContinuationImpl.kt:34)
	at kotlin.coroutines.ContinuationKt.startCoroutine(Continuation.kt:115)
	at kotlin.coroutines.jvm.internal.RunSuspendKt.runSuspend(RunSuspend.kt:19)
	at com.varabyte.kobweb.server.ApplicationKt.main(Application.kt)
2026-06-23 22:06:34.556 [main] INFO  io.ktor.server.Application - Initializing server engine for Kobweb project "EasyPeayEnglish"
2026-06-23 22:06:34.559 [main] INFO  io.ktor.server.Application - API jar found and will be loaded: "build\libs\easypeayenglish.jar"
2026-06-23 22:06:34.830 [main] INFO  io.ktor.server.Application - Loaded and initialized server API jar in 168ms.
2026-06-23 22:06:34.897 [main] INFO  io.ktor.server.Application - Initializing Kobweb streams.
2026-06-23 22:06:34.999 [main] INFO  io.ktor.server.Application - CORS: Registered host(s): epeacademy.onrender.com/
2026-06-23 22:06:35.011 [main] INFO  io.ktor.server.Application - Application started in 0.927 seconds.
2026-06-23 22:06:35.272 [main] INFO  io.ktor.server.Application - Responding at http://127.0.0.1:8080
2026-06-23 22:10:58.041 [eventLoopGroupProxy-4-1] DEBUG io.ktor.server.Application - Served fallback index.html file in response to "/admin/createpost"
2026-06-23 22:10:59.514 [DefaultDispatcher-worker-1] DEBUG io.ktor.server.Application - Client connected and is requesting kobweb status events.
2026-06-23 22:10:59.703 [eventLoopGroupProxy-4-4] DEBUG io.ktor.server.Application - Served fallback index.html file in response to "/admin/"
2026-06-23 22:11:00.655 [DefaultDispatcher-worker-2] DEBUG io.ktor.server.Application - Client connected and is requesting kobweb status events.
2026-06-23 22:11:00.743 [eventLoopGroupProxy-4-7] DEBUG io.ktor.server.Application - Served fallback index.html file in response to "/admin/login"
2026-06-23 22:11:01.674 [DefaultDispatcher-worker-1] DEBUG io.ktor.server.Application - Client connected and is requesting kobweb status events.
2026-06-23 22:11:01.770 [eventLoopGroupProxy-4-10] DEBUG io.ktor.server.Application - Served fallback index.html file in response to "/admin/myposts"
2026-06-23 22:11:02.713 [DefaultDispatcher-worker-6] DEBUG io.ktor.server.Application - Client connected and is requesting kobweb status events.
2026-06-23 22:11:02.810 [eventLoopGroupProxy-4-13] DEBUG io.ktor.server.Application - Served fallback index.html file in response to "/admin/success"
2026-06-23 22:11:03.716 [DefaultDispatcher-worker-4] DEBUG io.ktor.server.Application - Client connected and is requesting kobweb status events.
2026-06-23 22:11:03.796 [eventLoopGroupProxy-4-16] DEBUG io.ktor.server.Application - Served fallback index.html file in response to "/"
2026-06-23 22:11:04.741 [DefaultDispatcher-worker-2] DEBUG io.ktor.server.Application - Client connected and is requesting kobweb status events.
2026-06-23 22:11:05.315 [eventLoopGroupProxy-4-19] DEBUG io.ktor.server.Application - Served fallback index.html file in response to "/posts/post"
2026-06-23 22:11:05.411 [DefaultDispatcher-worker-6] ERROR io.ktor.server.Application - io.ktor.utils.io.ClosedByteChannelException: Cannot write to channel
	at io.ktor.utils.io.CloseToken$wrapCause$1.invoke(CloseToken.kt:16)
	at io.ktor.utils.io.CloseToken$wrapCause$1.invoke(CloseToken.kt:16)
	at io.ktor.utils.io.CloseToken.wrapCause(CloseToken.kt:21)
	at io.ktor.utils.io.CloseToken.wrapCause$default(CloseToken.kt:16)
	at io.ktor.utils.io.ByteChannel.getClosedCause(ByteChannel.kt:61)
	at io.ktor.utils.io.ByteReadChannelOperationsKt.rethrowCloseCauseIfNeeded(ByteReadChannelOperations.kt:554)
	at io.ktor.utils.io.ByteChannel.flush(ByteChannel.kt:94)
	at io.ktor.utils.io.ByteReadChannelOperationsKt.copyTo(ByteReadChannelOperations.kt:201)
	at io.ktor.utils.io.ByteReadChannelOperationsKt$copyTo$2.invokeSuspend(ByteReadChannelOperations.kt)
	at kotlin.coroutines.jvm.internal.BaseContinuationImpl.resumeWith(ContinuationImpl.kt:34)
	at kotlinx.coroutines.DispatchedTaskKt.resume(DispatchedTask.kt:233)
	at kotlinx.coroutines.DispatchedTaskKt.resumeUnconfined(DispatchedTask.kt:175)
	at kotlinx.coroutines.DispatchedTaskKt.dispatch(DispatchedTask.kt:147)
	at kotlinx.coroutines.CancellableContinuationImpl.dispatchResume(CancellableContinuationImpl.kt:470)
	at kotlinx.coroutines.CancellableContinuationImpl.resumeImpl$kotlinx_coroutines_core(CancellableContinuationImpl.kt:504)
	at kotlinx.coroutines.CancellableContinuationImpl.resumeImpl$kotlinx_coroutines_core$default(CancellableContinuationImpl.kt:493)
	at kotlinx.coroutines.CancellableContinuationImpl.resumeWith(CancellableContinuationImpl.kt:359)
	at io.ktor.utils.io.ByteChannel$Slot$Task$DefaultImpls.resume(ByteChannel.kt:236)
	at io.ktor.utils.io.ByteChannel$Slot$Read.resume(ByteChannel.kt:242)
	at io.ktor.utils.io.ByteChannel.flushWriteBuffer(ByteChannel.kt:389)
	at io.ktor.utils.io.ByteChannel.flush(ByteChannel.kt:96)
	at io.ktor.utils.io.ByteWriteChannelOperations_jvmKt.writeFully(ByteWriteChannelOperations.jvm.kt:21)
	at io.ktor.util.DeflaterKt.deflateWhile(Deflater.kt:52)
	at io.ktor.util.DeflaterKt.deflateTo(Deflater.kt:82)
	at io.ktor.util.DeflaterKt.access$deflateTo(Deflater.kt:1)
	at io.ktor.util.DeflaterKt$deflated$1.invokeSuspend(Deflater.kt:112)
	at io.ktor.util.DeflaterKt$deflated$1.invoke(Deflater.kt)
	at io.ktor.util.DeflaterKt$deflated$1.invoke(Deflater.kt)
	at io.ktor.utils.io.ByteWriteChannelOperationsKt$writer$job$1.invokeSuspend(ByteWriteChannelOperations.kt:179)
	at kotlin.coroutines.jvm.internal.BaseContinuationImpl.resumeWith(ContinuationImpl.kt:34)
	at kotlinx.coroutines.DispatchedTask.run(DispatchedTask.kt:100)
	at kotlinx.coroutines.scheduling.CoroutineScheduler.runSafely(CoroutineScheduler.kt:586)
	at kotlinx.coroutines.scheduling.CoroutineScheduler$Worker.executeTask(CoroutineScheduler.kt:829)
	at kotlinx.coroutines.scheduling.CoroutineScheduler$Worker.runWorker(CoroutineScheduler.kt:717)
	at kotlinx.coroutines.scheduling.CoroutineScheduler$Worker.run(CoroutineScheduler.kt:704)
Caused by: io.ktor.util.cio.ChannelWriteException: Cannot write to channel
	at io.ktor.server.netty.cio.NettyHttpResponsePipeline.respondWithFailure(NettyHttpResponsePipeline.kt:100)
	at io.ktor.server.netty.cio.NettyHttpResponsePipeline.respondWithBodyAndTrailerMessage(NettyHttpResponsePipeline.kt:253)
	at io.ktor.server.netty.cio.NettyHttpResponsePipeline.access$respondWithBodyAndTrailerMessage(NettyHttpResponsePipeline.kt:24)
	at io.ktor.server.netty.cio.NettyHttpResponsePipeline$respondWithBodyAndTrailerMessage$1.invokeSuspend(NettyHttpResponsePipeline.kt)
	at kotlin.coroutines.jvm.internal.BaseContinuationImpl.resumeWith(ContinuationImpl.kt:34)
	at kotlinx.coroutines.DispatchedTask.run(DispatchedTask.kt:100)
	at io.netty.util.concurrent.AbstractEventExecutor.runTask(AbstractEventExecutor.java:148)
	at io.netty.util.concurrent.AbstractEventExecutor.safeExecute(AbstractEventExecutor.java:141)
	at io.netty.util.concurrent.SingleThreadEventExecutor.runAllTasks(SingleThreadEventExecutor.java:507)
	at io.netty.channel.SingleThreadIoEventLoop.run(SingleThreadIoEventLoop.java:182)
	at io.netty.util.concurrent.SingleThreadEventExecutor$5.run(SingleThreadEventExecutor.java:1073)
	at io.netty.util.internal.ThreadExecutorMap$2.run(ThreadExecutorMap.java:74)
	at io.netty.util.concurrent.FastThreadLocalRunnable.run(FastThreadLocalRunnable.java:30)
	at java.base/java.lang.Thread.run(Thread.java:842)
Caused by: io.netty.channel.StacklessClosedChannelException
	at io.netty.channel.AbstractChannel$AbstractUnsafe.write(Object, ChannelPromise)(Unknown Source)

2026-06-23 22:11:06.277 [DefaultDispatcher-worker-1] DEBUG io.ktor.server.Application - Client connected and is requesting kobweb status events.
2026-06-23 22:11:06.825 [eventLoopGroupProxy-4-2] DEBUG io.ktor.server.Application - Served fallback index.html file in response to "/search/query"
2026-06-23 22:11:07.756 [DefaultDispatcher-worker-6] DEBUG io.ktor.server.Application - Client connected and is requesting kobweb status events.
2026-06-23 22:11:59.550 [DefaultDispatcher-worker-1] DEBUG io.ktor.server.Application - Stopped sending kobweb status events, probably because client disconnected or server is shutting down. (JobCancellationException: Parent job is Cancelling)
2026-06-23 22:11:59.554 [DefaultDispatcher-worker-1] DEBUG io.ktor.server.Application - 200 OK: GET - /api/kobweb-status. Exception class kotlinx.coroutines.JobCancellationException: Parent job is Cancelling
kotlinx.coroutines.JobCancellationException: Parent job is Cancelling
Caused by: io.ktor.utils.io.ClosedWriteChannelException: Cannot write to channel
	at io.ktor.utils.io.ByteChannel$writeBuffer$1.invoke(ByteChannel.kt:54)
	at io.ktor.utils.io.ByteChannel$writeBuffer$1.invoke(ByteChannel.kt:54)
	at io.ktor.utils.io.CloseToken.wrapCause(CloseToken.kt:21)
	at io.ktor.utils.io.CloseToken.throwOrNull(CloseToken.kt:26)
	at io.ktor.utils.io.ByteChannel.getWriteBuffer(ByteChannel.kt:54)
	at io.ktor.utils.io.ByteWriteChannelOperationsKt.writeStringUtf8(ByteWriteChannelOperations.kt:96)
	at io.ktor.server.sse.DefaultServerSSESession.writeSSE(DefaultServerSSESession.kt:34)
	at io.ktor.server.sse.DefaultServerSSESession.send(DefaultServerSSESession.kt:22)
	at io.ktor.server.sse.ServerSSESessionKt$heartbeat$2.invokeSuspend(ServerSSESession.kt:170)
	at kotlin.coroutines.jvm.internal.BaseContinuationImpl.resumeWith(ContinuationImpl.kt:34)
	at kotlinx.coroutines.DispatchedTask.run(DispatchedTask.kt:100)
	at kotlinx.coroutines.internal.LimitedDispatcher$Worker.run(LimitedDispatcher.kt:124)
	at kotlinx.coroutines.scheduling.TaskImpl.run(Tasks.kt:89)
	at kotlinx.coroutines.scheduling.CoroutineScheduler.runSafely(CoroutineScheduler.kt:586)
	at kotlinx.coroutines.scheduling.CoroutineScheduler$Worker.executeTask(CoroutineScheduler.kt:820)
	at kotlinx.coroutines.scheduling.CoroutineScheduler$Worker.runWorker(CoroutineScheduler.kt:717)
	at kotlinx.coroutines.scheduling.CoroutineScheduler$Worker.run(CoroutineScheduler.kt:704)
Caused by: io.ktor.util.cio.ChannelWriteException: Cannot write to channel
	at io.ktor.server.netty.cio.NettyHttpResponsePipeline.respondWithFailure(NettyHttpResponsePipeline.kt:100)
	at io.ktor.server.netty.cio.NettyHttpResponsePipeline.respondWithBodyAndTrailerMessage(NettyHttpResponsePipeline.kt:253)
	at io.ktor.server.netty.cio.NettyHttpResponsePipeline.access$respondWithBodyAndTrailerMessage(NettyHttpResponsePipeline.kt:24)
	at io.ktor.server.netty.cio.NettyHttpResponsePipeline$respondWithBodyAndTrailerMessage$1.invokeSuspend(NettyHttpResponsePipeline.kt)
	at kotlin.coroutines.jvm.internal.BaseContinuationImpl.resumeWith(ContinuationImpl.kt:34)
	at kotlinx.coroutines.DispatchedTask.run(DispatchedTask.kt:100)
	at io.netty.util.concurrent.AbstractEventExecutor.runTask(AbstractEventExecutor.java:148)
	at io.netty.util.concurrent.AbstractEventExecutor.safeExecute(AbstractEventExecutor.java:141)
	at io.netty.util.concurrent.SingleThreadEventExecutor.runAllTasks(SingleThreadEventExecutor.java:507)
	at io.netty.channel.SingleThreadIoEventLoop.run(SingleThreadIoEventLoop.java:182)
	at io.netty.util.concurrent.SingleThreadEventExecutor$5.run(SingleThreadEventExecutor.java:1073)
	at io.netty.util.internal.ThreadExecutorMap$2.run(ThreadExecutorMap.java:74)
	at io.netty.util.concurrent.FastThreadLocalRunnable.run(FastThreadLocalRunnable.java:30)
	at java.base/java.lang.Thread.run(Thread.java:842)
Caused by: io.netty.channel.StacklessClosedChannelException: null
	at io.netty.channel.AbstractChannel$AbstractUnsafe.write(Object, ChannelPromise)(Unknown Source)
2026-06-23 22:12:00.680 [DefaultDispatcher-worker-6] DEBUG io.ktor.server.Application - Stopped sending kobweb status events, probably because client disconnected or server is shutting down. (JobCancellationException: Parent job is Cancelling)
2026-06-23 22:12:00.681 [DefaultDispatcher-worker-6] DEBUG io.ktor.server.Application - 200 OK: GET - /api/kobweb-status. Exception class kotlinx.coroutines.JobCancellationException: Parent job is Cancelling
kotlinx.coroutines.JobCancellationException: Parent job is Cancelling
Caused by: io.ktor.utils.io.ClosedWriteChannelException: Cannot write to channel
	at io.ktor.utils.io.ByteChannel$writeBuffer$1.invoke(ByteChannel.kt:54)
	at io.ktor.utils.io.ByteChannel$writeBuffer$1.invoke(ByteChannel.kt:54)
	at io.ktor.utils.io.CloseToken.wrapCause(CloseToken.kt:21)
	at io.ktor.utils.io.CloseToken.throwOrNull(CloseToken.kt:26)
	at io.ktor.utils.io.ByteChannel.getWriteBuffer(ByteChannel.kt:54)
	at io.ktor.utils.io.ByteWriteChannelOperationsKt.writeStringUtf8(ByteWriteChannelOperations.kt:96)
	at io.ktor.server.sse.DefaultServerSSESession.writeSSE(DefaultServerSSESession.kt:34)
	at io.ktor.server.sse.DefaultServerSSESession.send(DefaultServerSSESession.kt:22)
	at io.ktor.server.sse.ServerSSESessionKt$heartbeat$2.invokeSuspend(ServerSSESession.kt:170)
	at kotlin.coroutines.jvm.internal.BaseContinuationImpl.resumeWith(ContinuationImpl.kt:34)
	at kotlinx.coroutines.DispatchedTask.run(DispatchedTask.kt:100)
	at kotlinx.coroutines.internal.LimitedDispatcher$Worker.run(LimitedDispatcher.kt:124)
	at kotlinx.coroutines.scheduling.TaskImpl.run(Tasks.kt:89)
	at kotlinx.coroutines.scheduling.CoroutineScheduler.runSafely(CoroutineScheduler.kt:586)
	at kotlinx.coroutines.scheduling.CoroutineScheduler$Worker.executeTask(CoroutineScheduler.kt:820)
	at kotlinx.coroutines.scheduling.CoroutineScheduler$Worker.runWorker(CoroutineScheduler.kt:717)
	at kotlinx.coroutines.scheduling.CoroutineScheduler$Worker.run(CoroutineScheduler.kt:704)
Caused by: io.ktor.util.cio.ChannelWriteException: Cannot write to channel
	at io.ktor.server.netty.cio.NettyHttpResponsePipeline.respondWithFailure(NettyHttpResponsePipeline.kt:100)
	at io.ktor.server.netty.cio.NettyHttpResponsePipeline.respondWithBodyAndTrailerMessage(NettyHttpResponsePipeline.kt:253)
	at io.ktor.server.netty.cio.NettyHttpResponsePipeline.access$respondWithBodyAndTrailerMessage(NettyHttpResponsePipeline.kt:24)
	at io.ktor.server.netty.cio.NettyHttpResponsePipeline$respondWithBodyAndTrailerMessage$1.invokeSuspend(NettyHttpResponsePipeline.kt)
	at kotlin.coroutines.jvm.internal.BaseContinuationImpl.resumeWith(ContinuationImpl.kt:34)
	at kotlinx.coroutines.DispatchedTask.run(DispatchedTask.kt:100)
	at io.netty.util.concurrent.AbstractEventExecutor.runTask(AbstractEventExecutor.java:148)
	at io.netty.util.concurrent.AbstractEventExecutor.safeExecute(AbstractEventExecutor.java:141)
	at io.netty.util.concurrent.SingleThreadEventExecutor.runAllTasks(SingleThreadEventExecutor.java:507)
	at io.netty.channel.SingleThreadIoEventLoop.run(SingleThreadIoEventLoop.java:182)
	at io.netty.util.concurrent.SingleThreadEventExecutor$5.run(SingleThreadEventExecutor.java:1073)
	at io.netty.util.internal.ThreadExecutorMap$2.run(ThreadExecutorMap.java:74)
	at io.netty.util.concurrent.FastThreadLocalRunnable.run(FastThreadLocalRunnable.java:30)
	at java.base/java.lang.Thread.run(Thread.java:842)
Caused by: io.netty.channel.StacklessClosedChannelException: null
	at io.netty.channel.AbstractChannel$AbstractUnsafe.write(Object, ChannelPromise)(Unknown Source)
2026-06-23 22:12:01.695 [DefaultDispatcher-worker-6] DEBUG io.ktor.server.Application - Stopped sending kobweb status events, probably because client disconnected or server is shutting down. (JobCancellationException: Parent job is Cancelling)
2026-06-23 22:12:01.696 [DefaultDispatcher-worker-6] DEBUG io.ktor.server.Application - 200 OK: GET - /api/kobweb-status. Exception class kotlinx.coroutines.JobCancellationException: Parent job is Cancelling
kotlinx.coroutines.JobCancellationException: Parent job is Cancelling
Caused by: io.ktor.utils.io.ClosedWriteChannelException: Cannot write to channel
	at io.ktor.utils.io.ByteChannel$writeBuffer$1.invoke(ByteChannel.kt:54)
	at io.ktor.utils.io.ByteChannel$writeBuffer$1.invoke(ByteChannel.kt:54)
	at io.ktor.utils.io.CloseToken.wrapCause(CloseToken.kt:21)
	at io.ktor.utils.io.CloseToken.throwOrNull(CloseToken.kt:26)
	at io.ktor.utils.io.ByteChannel.getWriteBuffer(ByteChannel.kt:54)
	at io.ktor.utils.io.ByteWriteChannelOperationsKt.writeStringUtf8(ByteWriteChannelOperations.kt:96)
	at io.ktor.server.sse.DefaultServerSSESession.writeSSE(DefaultServerSSESession.kt:34)
	at io.ktor.server.sse.DefaultServerSSESession.send(DefaultServerSSESession.kt:22)
	at io.ktor.server.sse.ServerSSESessionKt$heartbeat$2.invokeSuspend(ServerSSESession.kt:170)
	at kotlin.coroutines.jvm.internal.BaseContinuationImpl.resumeWith(ContinuationImpl.kt:34)
	at kotlinx.coroutines.DispatchedTask.run(DispatchedTask.kt:100)
	at kotlinx.coroutines.internal.LimitedDispatcher$Worker.run(LimitedDispatcher.kt:124)
	at kotlinx.coroutines.scheduling.TaskImpl.run(Tasks.kt:89)
	at kotlinx.coroutines.scheduling.CoroutineScheduler.runSafely(CoroutineScheduler.kt:586)
	at kotlinx.coroutines.scheduling.CoroutineScheduler$Worker.executeTask(CoroutineScheduler.kt:820)
	at kotlinx.coroutines.scheduling.CoroutineScheduler$Worker.runWorker(CoroutineScheduler.kt:717)
	at kotlinx.coroutines.scheduling.CoroutineScheduler$Worker.run(CoroutineScheduler.kt:704)
Caused by: io.ktor.util.cio.ChannelWriteException: Cannot write to channel
	at io.ktor.server.netty.cio.NettyHttpResponsePipeline.respondWithFailure(NettyHttpResponsePipeline.kt:100)
	at io.ktor.server.netty.cio.NettyHttpResponsePipeline.respondWithBodyAndTrailerMessage(NettyHttpResponsePipeline.kt:253)
	at io.ktor.server.netty.cio.NettyHttpResponsePipeline.access$respondWithBodyAndTrailerMessage(NettyHttpResponsePipeline.kt:24)
	at io.ktor.server.netty.cio.NettyHttpResponsePipeline$respondWithBodyAndTrailerMessage$1.invokeSuspend(NettyHttpResponsePipeline.kt)
	at kotlin.coroutines.jvm.internal.BaseContinuationImpl.resumeWith(ContinuationImpl.kt:34)
	at kotlinx.coroutines.DispatchedTask.run(DispatchedTask.kt:100)
	at io.netty.util.concurrent.AbstractEventExecutor.runTask(AbstractEventExecutor.java:148)
	at io.netty.util.concurrent.AbstractEventExecutor.safeExecute(AbstractEventExecutor.java:141)
	at io.netty.util.concurrent.SingleThreadEventExecutor.runAllTasks(SingleThreadEventExecutor.java:507)
	at io.netty.channel.SingleThreadIoEventLoop.run(SingleThreadIoEventLoop.java:182)
	at io.netty.util.concurrent.SingleThreadEventExecutor$5.run(SingleThreadEventExecutor.java:1073)
	at io.netty.util.internal.ThreadExecutorMap$2.run(ThreadExecutorMap.java:74)
	at io.netty.util.concurrent.FastThreadLocalRunnable.run(FastThreadLocalRunnable.java:30)
	at java.base/java.lang.Thread.run(Thread.java:842)
Caused by: io.netty.channel.StacklessClosedChannelException: null
	at io.netty.channel.AbstractChannel$AbstractUnsafe.write(Object, ChannelPromise)(Unknown Source)
2026-06-23 22:12:02.735 [DefaultDispatcher-worker-3] DEBUG io.ktor.server.Application - Stopped sending kobweb status events, probably because client disconnected or server is shutting down. (JobCancellationException: Parent job is Cancelling)
2026-06-23 22:12:02.736 [DefaultDispatcher-worker-3] DEBUG io.ktor.server.Application - 200 OK: GET - /api/kobweb-status. Exception class kotlinx.coroutines.JobCancellationException: Parent job is Cancelling
kotlinx.coroutines.JobCancellationException: Parent job is Cancelling
Caused by: io.ktor.utils.io.ClosedWriteChannelException: Cannot write to channel
	at io.ktor.utils.io.ByteChannel$writeBuffer$1.invoke(ByteChannel.kt:54)
	at io.ktor.utils.io.ByteChannel$writeBuffer$1.invoke(ByteChannel.kt:54)
	at io.ktor.utils.io.CloseToken.wrapCause(CloseToken.kt:21)
	at io.ktor.utils.io.CloseToken.throwOrNull(CloseToken.kt:26)
	at io.ktor.utils.io.ByteChannel.getWriteBuffer(ByteChannel.kt:54)
	at io.ktor.utils.io.ByteWriteChannelOperationsKt.writeStringUtf8(ByteWriteChannelOperations.kt:96)
	at io.ktor.server.sse.DefaultServerSSESession.writeSSE(DefaultServerSSESession.kt:34)
	at io.ktor.server.sse.DefaultServerSSESession.send(DefaultServerSSESession.kt:22)
	at io.ktor.server.sse.ServerSSESessionKt$heartbeat$2.invokeSuspend(ServerSSESession.kt:170)
	at kotlin.coroutines.jvm.internal.BaseContinuationImpl.resumeWith(ContinuationImpl.kt:34)
	at kotlinx.coroutines.DispatchedTask.run(DispatchedTask.kt:100)
	at kotlinx.coroutines.internal.LimitedDispatcher$Worker.run(LimitedDispatcher.kt:124)
	at kotlinx.coroutines.scheduling.TaskImpl.run(Tasks.kt:89)
	at kotlinx.coroutines.scheduling.CoroutineScheduler.runSafely(CoroutineScheduler.kt:586)
	at kotlinx.coroutines.scheduling.CoroutineScheduler$Worker.executeTask(CoroutineScheduler.kt:820)
	at kotlinx.coroutines.scheduling.CoroutineScheduler$Worker.runWorker(CoroutineScheduler.kt:717)
	at kotlinx.coroutines.scheduling.CoroutineScheduler$Worker.run(CoroutineScheduler.kt:704)
Caused by: io.ktor.util.cio.ChannelWriteException: Cannot write to channel
	at io.ktor.server.netty.cio.NettyHttpResponsePipeline.respondWithFailure(NettyHttpResponsePipeline.kt:100)
	at io.ktor.server.netty.cio.NettyHttpResponsePipeline.respondWithBodyAndTrailerMessage(NettyHttpResponsePipeline.kt:253)
	at io.ktor.server.netty.cio.NettyHttpResponsePipeline.access$respondWithBodyAndTrailerMessage(NettyHttpResponsePipeline.kt:24)
	at io.ktor.server.netty.cio.NettyHttpResponsePipeline$respondWithBodyAndTrailerMessage$1.invokeSuspend(NettyHttpResponsePipeline.kt)
	at kotlin.coroutines.jvm.internal.BaseContinuationImpl.resumeWith(ContinuationImpl.kt:34)
	at kotlinx.coroutines.DispatchedTask.run(DispatchedTask.kt:100)
	at io.netty.util.concurrent.AbstractEventExecutor.runTask(AbstractEventExecutor.java:148)
	at io.netty.util.concurrent.AbstractEventExecutor.safeExecute(AbstractEventExecutor.java:141)
	at io.netty.util.concurrent.SingleThreadEventExecutor.runAllTasks(SingleThreadEventExecutor.java:507)
	at io.netty.channel.SingleThreadIoEventLoop.run(SingleThreadIoEventLoop.java:182)
	at io.netty.util.concurrent.SingleThreadEventExecutor$5.run(SingleThreadEventExecutor.java:1073)
	at io.netty.util.internal.ThreadExecutorMap$2.run(ThreadExecutorMap.java:74)
	at io.netty.util.concurrent.FastThreadLocalRunnable.run(FastThreadLocalRunnable.java:30)
	at java.base/java.lang.Thread.run(Thread.java:842)
Caused by: io.netty.channel.StacklessClosedChannelException: null
	at io.netty.channel.AbstractChannel$AbstractUnsafe.write(Object, ChannelPromise)(Unknown Source)
2026-06-23 22:12:03.729 [DefaultDispatcher-worker-1] DEBUG io.ktor.server.Application - Stopped sending kobweb status events, probably because client disconnected or server is shutting down. (JobCancellationException: Parent job is Cancelling)
2026-06-23 22:12:03.730 [DefaultDispatcher-worker-1] DEBUG io.ktor.server.Application - 200 OK: GET - /api/kobweb-status. Exception class kotlinx.coroutines.JobCancellationException: Parent job is Cancelling
kotlinx.coroutines.JobCancellationException: Parent job is Cancelling
Caused by: io.ktor.utils.io.ClosedWriteChannelException: Cannot write to channel
	at io.ktor.utils.io.ByteChannel$writeBuffer$1.invoke(ByteChannel.kt:54)
	at io.ktor.utils.io.ByteChannel$writeBuffer$1.invoke(ByteChannel.kt:54)
	at io.ktor.utils.io.CloseToken.wrapCause(CloseToken.kt:21)
	at io.ktor.utils.io.CloseToken.throwOrNull(CloseToken.kt:26)
	at io.ktor.utils.io.ByteChannel.getWriteBuffer(ByteChannel.kt:54)
	at io.ktor.utils.io.ByteWriteChannelOperationsKt.writeStringUtf8(ByteWriteChannelOperations.kt:96)
	at io.ktor.server.sse.DefaultServerSSESession.writeSSE(DefaultServerSSESession.kt:34)
	at io.ktor.server.sse.DefaultServerSSESession.send(DefaultServerSSESession.kt:22)
	at io.ktor.server.sse.ServerSSESessionKt$heartbeat$2.invokeSuspend(ServerSSESession.kt:170)
	at kotlin.coroutines.jvm.internal.BaseContinuationImpl.resumeWith(ContinuationImpl.kt:34)
	at kotlinx.coroutines.DispatchedTask.run(DispatchedTask.kt:100)
	at kotlinx.coroutines.internal.LimitedDispatcher$Worker.run(LimitedDispatcher.kt:124)
	at kotlinx.coroutines.scheduling.TaskImpl.run(Tasks.kt:89)
	at kotlinx.coroutines.scheduling.CoroutineScheduler.runSafely(CoroutineScheduler.kt:586)
	at kotlinx.coroutines.scheduling.CoroutineScheduler$Worker.executeTask(CoroutineScheduler.kt:820)
	at kotlinx.coroutines.scheduling.CoroutineScheduler$Worker.runWorker(CoroutineScheduler.kt:717)
	at kotlinx.coroutines.scheduling.CoroutineScheduler$Worker.run(CoroutineScheduler.kt:704)
Caused by: io.ktor.util.cio.ChannelWriteException: Cannot write to channel
	at io.ktor.server.netty.cio.NettyHttpResponsePipeline.respondWithFailure(NettyHttpResponsePipeline.kt:100)
	at io.ktor.server.netty.cio.NettyHttpResponsePipeline.respondWithBodyAndTrailerMessage(NettyHttpResponsePipeline.kt:253)
	at io.ktor.server.netty.cio.NettyHttpResponsePipeline.access$respondWithBodyAndTrailerMessage(NettyHttpResponsePipeline.kt:24)
	at io.ktor.server.netty.cio.NettyHttpResponsePipeline$respondWithBodyAndTrailerMessage$1.invokeSuspend(NettyHttpResponsePipeline.kt)
	at kotlin.coroutines.jvm.internal.BaseContinuationImpl.resumeWith(ContinuationImpl.kt:34)
	at kotlinx.coroutines.DispatchedTask.run(DispatchedTask.kt:100)
	at io.netty.util.concurrent.AbstractEventExecutor.runTask(AbstractEventExecutor.java:148)
	at io.netty.util.concurrent.AbstractEventExecutor.safeExecute(AbstractEventExecutor.java:141)
	at io.netty.util.concurrent.SingleThreadEventExecutor.runAllTasks(SingleThreadEventExecutor.java:507)
	at io.netty.channel.SingleThreadIoEventLoop.run(SingleThreadIoEventLoop.java:182)
	at io.netty.util.concurrent.SingleThreadEventExecutor$5.run(SingleThreadEventExecutor.java:1073)
	at io.netty.util.internal.ThreadExecutorMap$2.run(ThreadExecutorMap.java:74)
	at io.netty.util.concurrent.FastThreadLocalRunnable.run(FastThreadLocalRunnable.java:30)
	at java.base/java.lang.Thread.run(Thread.java:842)
Caused by: io.netty.channel.StacklessClosedChannelException: null
	at io.netty.channel.AbstractChannel$AbstractUnsafe.write(Object, ChannelPromise)(Unknown Source)
2026-06-23 22:12:04.757 [DefaultDispatcher-worker-1] DEBUG io.ktor.server.Application - Stopped sending kobweb status events, probably because client disconnected or server is shutting down. (JobCancellationException: Parent job is Cancelling)
2026-06-23 22:12:04.758 [DefaultDispatcher-worker-1] DEBUG io.ktor.server.Application - 200 OK: GET - /api/kobweb-status. Exception class kotlinx.coroutines.JobCancellationException: Parent job is Cancelling
kotlinx.coroutines.JobCancellationException: Parent job is Cancelling
Caused by: io.ktor.utils.io.ClosedWriteChannelException: Cannot write to channel
	at io.ktor.utils.io.ByteChannel$writeBuffer$1.invoke(ByteChannel.kt:54)
	at io.ktor.utils.io.ByteChannel$writeBuffer$1.invoke(ByteChannel.kt:54)
	at io.ktor.utils.io.CloseToken.wrapCause(CloseToken.kt:21)
	at io.ktor.utils.io.CloseToken.throwOrNull(CloseToken.kt:26)
	at io.ktor.utils.io.ByteChannel.getWriteBuffer(ByteChannel.kt:54)
	at io.ktor.utils.io.ByteWriteChannelOperationsKt.writeStringUtf8(ByteWriteChannelOperations.kt:96)
	at io.ktor.server.sse.DefaultServerSSESession.writeSSE(DefaultServerSSESession.kt:34)
	at io.ktor.server.sse.DefaultServerSSESession.send(DefaultServerSSESession.kt:22)
	at io.ktor.server.sse.ServerSSESessionKt$heartbeat$2.invokeSuspend(ServerSSESession.kt:170)
	at kotlin.coroutines.jvm.internal.BaseContinuationImpl.resumeWith(ContinuationImpl.kt:34)
	at kotlinx.coroutines.DispatchedTask.run(DispatchedTask.kt:100)
	at kotlinx.coroutines.internal.LimitedDispatcher$Worker.run(LimitedDispatcher.kt:124)
	at kotlinx.coroutines.scheduling.TaskImpl.run(Tasks.kt:89)
	at kotlinx.coroutines.scheduling.CoroutineScheduler.runSafely(CoroutineScheduler.kt:586)
	at kotlinx.coroutines.scheduling.CoroutineScheduler$Worker.executeTask(CoroutineScheduler.kt:820)
	at kotlinx.coroutines.scheduling.CoroutineScheduler$Worker.runWorker(CoroutineScheduler.kt:717)
	at kotlinx.coroutines.scheduling.CoroutineScheduler$Worker.run(CoroutineScheduler.kt:704)
Caused by: io.ktor.util.cio.ChannelWriteException: Cannot write to channel
	at io.ktor.server.netty.cio.NettyHttpResponsePipeline.respondWithFailure(NettyHttpResponsePipeline.kt:100)
	at io.ktor.server.netty.cio.NettyHttpResponsePipeline.respondWithBodyAndTrailerMessage(NettyHttpResponsePipeline.kt:253)
	at io.ktor.server.netty.cio.NettyHttpResponsePipeline.access$respondWithBodyAndTrailerMessage(NettyHttpResponsePipeline.kt:24)
	at io.ktor.server.netty.cio.NettyHttpResponsePipeline$respondWithBodyAndTrailerMessage$1.invokeSuspend(NettyHttpResponsePipeline.kt)
	at kotlin.coroutines.jvm.internal.BaseContinuationImpl.resumeWith(ContinuationImpl.kt:34)
	at kotlinx.coroutines.DispatchedTask.run(DispatchedTask.kt:100)
	at io.netty.util.concurrent.AbstractEventExecutor.runTask(AbstractEventExecutor.java:148)
	at io.netty.util.concurrent.AbstractEventExecutor.safeExecute(AbstractEventExecutor.java:141)
	at io.netty.util.concurrent.SingleThreadEventExecutor.runAllTasks(SingleThreadEventExecutor.java:507)
	at io.netty.channel.SingleThreadIoEventLoop.run(SingleThreadIoEventLoop.java:182)
	at io.netty.util.concurrent.SingleThreadEventExecutor$5.run(SingleThreadEventExecutor.java:1073)
	at io.netty.util.internal.ThreadExecutorMap$2.run(ThreadExecutorMap.java:74)
	at io.netty.util.concurrent.FastThreadLocalRunnable.run(FastThreadLocalRunnable.java:30)
	at java.base/java.lang.Thread.run(Thread.java:842)
Caused by: io.netty.channel.StacklessClosedChannelException: null
	at io.netty.channel.AbstractChannel$AbstractUnsafe.write(Object, ChannelPromise)(Unknown Source)
2026-06-23 22:12:06.294 [DefaultDispatcher-worker-2] DEBUG io.ktor.server.Application - Stopped sending kobweb status events, probably because client disconnected or server is shutting down. (JobCancellationException: Parent job is Cancelling)
2026-06-23 22:12:06.296 [DefaultDispatcher-worker-2] DEBUG io.ktor.server.Application - 200 OK: GET - /api/kobweb-status. Exception class kotlinx.coroutines.JobCancellationException: Parent job is Cancelling
kotlinx.coroutines.JobCancellationException: Parent job is Cancelling
Caused by: io.ktor.utils.io.ClosedWriteChannelException: Cannot write to channel
	at io.ktor.utils.io.ByteChannel$writeBuffer$1.invoke(ByteChannel.kt:54)
	at io.ktor.utils.io.ByteChannel$writeBuffer$1.invoke(ByteChannel.kt:54)
	at io.ktor.utils.io.CloseToken.wrapCause(CloseToken.kt:21)
	at io.ktor.utils.io.CloseToken.throwOrNull(CloseToken.kt:26)
	at io.ktor.utils.io.ByteChannel.getWriteBuffer(ByteChannel.kt:54)
	at io.ktor.utils.io.ByteWriteChannelOperationsKt.writeStringUtf8(ByteWriteChannelOperations.kt:96)
	at io.ktor.server.sse.DefaultServerSSESession.writeSSE(DefaultServerSSESession.kt:34)
	at io.ktor.server.sse.DefaultServerSSESession.send(DefaultServerSSESession.kt:22)
	at io.ktor.server.sse.ServerSSESessionKt$heartbeat$2.invokeSuspend(ServerSSESession.kt:170)
	at kotlin.coroutines.jvm.internal.BaseContinuationImpl.resumeWith(ContinuationImpl.kt:34)
	at kotlinx.coroutines.DispatchedTask.run(DispatchedTask.kt:100)
	at kotlinx.coroutines.internal.LimitedDispatcher$Worker.run(LimitedDispatcher.kt:124)
	at kotlinx.coroutines.scheduling.TaskImpl.run(Tasks.kt:89)
	at kotlinx.coroutines.scheduling.CoroutineScheduler.runSafely(CoroutineScheduler.kt:586)
	at kotlinx.coroutines.scheduling.CoroutineScheduler$Worker.executeTask(CoroutineScheduler.kt:820)
	at kotlinx.coroutines.scheduling.CoroutineScheduler$Worker.runWorker(CoroutineScheduler.kt:717)
	at kotlinx.coroutines.scheduling.CoroutineScheduler$Worker.run(CoroutineScheduler.kt:704)
Caused by: io.ktor.util.cio.ChannelWriteException: Cannot write to channel
	at io.ktor.server.netty.cio.NettyHttpResponsePipeline.respondWithFailure(NettyHttpResponsePipeline.kt:100)
	at io.ktor.server.netty.cio.NettyHttpResponsePipeline.respondWithBodyAndTrailerMessage(NettyHttpResponsePipeline.kt:253)
	at io.ktor.server.netty.cio.NettyHttpResponsePipeline.access$respondWithBodyAndTrailerMessage(NettyHttpResponsePipeline.kt:24)
	at io.ktor.server.netty.cio.NettyHttpResponsePipeline$respondWithBodyAndTrailerMessage$1.invokeSuspend(NettyHttpResponsePipeline.kt)
	at kotlin.coroutines.jvm.internal.BaseContinuationImpl.resumeWith(ContinuationImpl.kt:34)
	at kotlinx.coroutines.DispatchedTask.run(DispatchedTask.kt:100)
	at io.netty.util.concurrent.AbstractEventExecutor.runTask(AbstractEventExecutor.java:148)
	at io.netty.util.concurrent.AbstractEventExecutor.safeExecute(AbstractEventExecutor.java:141)
	at io.netty.util.concurrent.SingleThreadEventExecutor.runAllTasks(SingleThreadEventExecutor.java:507)
	at io.netty.channel.SingleThreadIoEventLoop.run(SingleThreadIoEventLoop.java:182)
	at io.netty.util.concurrent.SingleThreadEventExecutor$5.run(SingleThreadEventExecutor.java:1073)
	at io.netty.util.internal.ThreadExecutorMap$2.run(ThreadExecutorMap.java:74)
	at io.netty.util.concurrent.FastThreadLocalRunnable.run(FastThreadLocalRunnable.java:30)
	at java.base/java.lang.Thread.run(Thread.java:842)
Caused by: io.netty.channel.StacklessClosedChannelException: null
	at io.netty.channel.AbstractChannel$AbstractUnsafe.write(Object, ChannelPromise)(Unknown Source)
2026-06-23 22:12:07.773 [DefaultDispatcher-worker-2] DEBUG io.ktor.server.Application - Stopped sending kobweb status events, probably because client disconnected or server is shutting down. (JobCancellationException: Parent job is Cancelling)
2026-06-23 22:12:07.774 [DefaultDispatcher-worker-2] DEBUG io.ktor.server.Application - 200 OK: GET - /api/kobweb-status. Exception class kotlinx.coroutines.JobCancellationException: Parent job is Cancelling
kotlinx.coroutines.JobCancellationException: Parent job is Cancelling
Caused by: io.ktor.utils.io.ClosedWriteChannelException: Cannot write to channel
	at io.ktor.utils.io.ByteChannel$writeBuffer$1.invoke(ByteChannel.kt:54)
	at io.ktor.utils.io.ByteChannel$writeBuffer$1.invoke(ByteChannel.kt:54)
	at io.ktor.utils.io.CloseToken.wrapCause(CloseToken.kt:21)
	at io.ktor.utils.io.CloseToken.throwOrNull(CloseToken.kt:26)
	at io.ktor.utils.io.ByteChannel.getWriteBuffer(ByteChannel.kt:54)
	at io.ktor.utils.io.ByteWriteChannelOperationsKt.writeStringUtf8(ByteWriteChannelOperations.kt:96)
	at io.ktor.server.sse.DefaultServerSSESession.writeSSE(DefaultServerSSESession.kt:34)
	at io.ktor.server.sse.DefaultServerSSESession.send(DefaultServerSSESession.kt:22)
	at io.ktor.server.sse.ServerSSESessionKt$heartbeat$2.invokeSuspend(ServerSSESession.kt:170)
	at kotlin.coroutines.jvm.internal.BaseContinuationImpl.resumeWith(ContinuationImpl.kt:34)
	at kotlinx.coroutines.DispatchedTask.run(DispatchedTask.kt:100)
	at kotlinx.coroutines.internal.LimitedDispatcher$Worker.run(LimitedDispatcher.kt:124)
	at kotlinx.coroutines.scheduling.TaskImpl.run(Tasks.kt:89)
	at kotlinx.coroutines.scheduling.CoroutineScheduler.runSafely(CoroutineScheduler.kt:586)
	at kotlinx.coroutines.scheduling.CoroutineScheduler$Worker.executeTask(CoroutineScheduler.kt:820)
	at kotlinx.coroutines.scheduling.CoroutineScheduler$Worker.runWorker(CoroutineScheduler.kt:717)
	at kotlinx.coroutines.scheduling.CoroutineScheduler$Worker.run(CoroutineScheduler.kt:704)
Caused by: io.ktor.util.cio.ChannelWriteException: Cannot write to channel
	at io.ktor.server.netty.cio.NettyHttpResponsePipeline.respondWithFailure(NettyHttpResponsePipeline.kt:100)
	at io.ktor.server.netty.cio.NettyHttpResponsePipeline.respondWithBodyAndTrailerMessage(NettyHttpResponsePipeline.kt:253)
	at io.ktor.server.netty.cio.NettyHttpResponsePipeline.access$respondWithBodyAndTrailerMessage(NettyHttpResponsePipeline.kt:24)
	at io.ktor.server.netty.cio.NettyHttpResponsePipeline$respondWithBodyAndTrailerMessage$1.invokeSuspend(NettyHttpResponsePipeline.kt)
	at kotlin.coroutines.jvm.internal.BaseContinuationImpl.resumeWith(ContinuationImpl.kt:34)
	at kotlinx.coroutines.DispatchedTask.run(DispatchedTask.kt:100)
	at io.netty.util.concurrent.AbstractEventExecutor.runTask(AbstractEventExecutor.java:148)
	at io.netty.util.concurrent.AbstractEventExecutor.safeExecute(AbstractEventExecutor.java:141)
	at io.netty.util.concurrent.SingleThreadEventExecutor.runAllTasks(SingleThreadEventExecutor.java:507)
	at io.netty.channel.SingleThreadIoEventLoop.run(SingleThreadIoEventLoop.java:182)
	at io.netty.util.concurrent.SingleThreadEventExecutor$5.run(SingleThreadEventExecutor.java:1073)
	at io.netty.util.internal.ThreadExecutorMap$2.run(ThreadExecutorMap.java:74)
	at io.netty.util.concurrent.FastThreadLocalRunnable.run(FastThreadLocalRunnable.java:30)
	at java.base/java.lang.Thread.run(Thread.java:842)
Caused by: io.netty.channel.StacklessClosedChannelException: null
	at io.netty.channel.AbstractChannel$AbstractUnsafe.write(Object, ChannelPromise)(Unknown Source)
